2018-11-08 09:19:59,386 [1] INFO MovieDataExtractor.Program - Start the Movie Extractor program
2018-11-08 09:20:20,563 [1] INFO MovieDataExtractor.Program - Start extracting movie data from cinemasight url
2018-11-08 09:20:20,695 [1] INFO MovieDataExtractor.Program - End extracting movie data from cinemasight url
2018-11-08 09:20:20,696 [1] INFO MovieDataExtractor.Program - Start extracting movie data from oscar org url
2018-11-08 09:20:20,707 [1] INFO MovieDataExtractor.Program - End extracting movie data from oscar org url
2018-11-08 09:20:21,669 [1] INFO MovieDataExtractor.Program - Start normalizing oscar awards file
2018-11-08 09:20:29,203 [1] INFO MovieDataExtractor.OscarOrg.OscarOrgFileSanitizer - Processing for year 0
2018-11-08 09:20:29,404 [1] INFO MovieDataExtractor.OscarOrg.OscarOrgFileSanitizer - Processing for year 1929
2018-11-08 09:20:29,547 [1] INFO MovieDataExtractor.OscarOrg.OscarOrgFileSanitizer - Processing for year 1930
2018-11-08 09:20:29,694 [1] INFO MovieDataExtractor.OscarOrg.OscarOrgFileSanitizer - Processing for year 1931
2018-11-08 09:20:29,804 [1] INFO MovieDataExtractor.OscarOrg.OscarOrgFileSanitizer - Processing for year 1932
2018-11-08 09:20:29,907 [1] INFO MovieDataExtractor.OscarOrg.OscarOrgFileSanitizer - Processing for year 1933
2018-11-08 09:20:30,070 [1] INFO MovieDataExtractor.OscarOrg.OscarOrgFileSanitizer - Processing for year 1934
2018-11-08 09:21:18,768 [1] INFO MovieDataExtractor.Program - Start the Movie Extractor program
2018-11-08 09:21:23,223 [1] INFO MovieDataExtractor.Program - Start extracting movie data from cinemasight url
2018-11-08 09:21:23,250 [1] INFO MovieDataExtractor.Program - End extracting movie data from cinemasight url
2018-11-08 09:21:23,250 [1] INFO MovieDataExtractor.Program - Start extracting movie data from oscar org url
2018-11-08 09:21:23,261 [1] INFO MovieDataExtractor.Program - End extracting movie data from oscar org url
2018-11-08 09:21:23,687 [1] INFO MovieDataExtractor.Program - Start normalizing oscar awards file
2018-11-08 09:21:26,940 [1] INFO MovieDataExtractor.OscarOrg.OscarOrgFileSanitizer - Processing for year 0
2018-11-08 09:21:27,085 [1] INFO MovieDataExtractor.OscarOrg.OscarOrgFileSanitizer - Processing for year 1929
2018-11-08 09:21:27,248 [1] INFO MovieDataExtractor.OscarOrg.OscarOrgFileSanitizer - Processing for year 1930
2018-11-08 09:21:27,381 [1] INFO MovieDataExtractor.OscarOrg.OscarOrgFileSanitizer - Processing for year 1931
2018-11-08 09:21:27,507 [1] INFO MovieDataExtractor.OscarOrg.OscarOrgFileSanitizer - Processing for year 1932
2018-11-08 09:21:27,624 [1] INFO MovieDataExtractor.OscarOrg.OscarOrgFileSanitizer - Processing for year 1933
2018-11-08 09:21:27,780 [1] INFO MovieDataExtractor.OscarOrg.OscarOrgFileSanitizer - Processing for year 1934
2018-11-08 09:23:25,249 [1] INFO MovieDataExtractor.Program - Start the Movie Extractor program
2018-11-08 09:23:29,855 [1] INFO MovieDataExtractor.Program - Start extracting movie data from cinemasight url
2018-11-08 09:23:29,904 [1] INFO MovieDataExtractor.Program - End extracting movie data from cinemasight url
2018-11-08 09:23:29,907 [1] INFO MovieDataExtractor.Program - Start extracting movie data from oscar org url
2018-11-08 09:23:29,919 [1] INFO MovieDataExtractor.Program - End extracting movie data from oscar org url
2018-11-08 09:23:30,234 [1] INFO MovieDataExtractor.Program - Start normalizing oscar awards file
2018-11-08 09:23:34,016 [1] INFO MovieDataExtractor.OscarOrg.OscarOrgFileSanitizer - Processing for year 0
2018-11-08 09:23:34,139 [1] INFO MovieDataExtractor.OscarOrg.OscarOrgFileSanitizer - Processing for year 1929
2018-11-08 09:23:34,306 [1] INFO MovieDataExtractor.OscarOrg.OscarOrgFileSanitizer - Processing for year 1930
2018-11-08 09:23:34,460 [1] INFO MovieDataExtractor.OscarOrg.OscarOrgFileSanitizer - Processing for year 1931
2018-11-08 09:23:34,577 [1] INFO MovieDataExtractor.OscarOrg.OscarOrgFileSanitizer - Processing for year 1932
2018-11-08 09:23:34,694 [1] INFO MovieDataExtractor.OscarOrg.OscarOrgFileSanitizer - Processing for year 1933
2018-11-08 09:23:34,853 [1] INFO MovieDataExtractor.OscarOrg.OscarOrgFileSanitizer - Processing for year 1934
2018-11-08 09:23:35,169 [1] INFO MovieDataExtractor.OscarOrg.OscarOrgFileSanitizer - Processing for year 1935
2018-11-08 09:35:41,937 [1] INFO MovieDataExtractor.Program - Start the Movie Extractor program
2018-11-08 09:35:48,290 [1] INFO MovieDataExtractor.Program - Start extracting movie data from cinemasight url
2018-11-08 09:35:48,323 [1] INFO MovieDataExtractor.Program - End extracting movie data from cinemasight url
2018-11-08 09:35:48,323 [1] INFO MovieDataExtractor.Program - Start extracting movie data from oscar org url
2018-11-08 09:35:48,336 [1] INFO MovieDataExtractor.Program - End extracting movie data from oscar org url
2018-11-08 09:35:48,693 [1] INFO MovieDataExtractor.Program - Start normalizing oscar awards file
2018-11-08 09:36:01,063 [1] INFO MovieDataExtractor.OscarOrg.OscarOrgFileSanitizer - Processing for year 0
2018-11-08 09:36:01,206 [1] INFO MovieDataExtractor.OscarOrg.OscarOrgFileSanitizer - Processing for year 1929
2018-11-08 09:36:01,370 [1] INFO MovieDataExtractor.OscarOrg.OscarOrgFileSanitizer - Processing for year 1930
2018-11-08 09:36:01,510 [1] INFO MovieDataExtractor.OscarOrg.OscarOrgFileSanitizer - Processing for year 1931
2018-11-08 09:36:01,634 [1] INFO MovieDataExtractor.OscarOrg.OscarOrgFileSanitizer - Processing for year 1932
2018-11-08 09:36:01,751 [1] INFO MovieDataExtractor.OscarOrg.OscarOrgFileSanitizer - Processing for year 1933
2018-11-08 09:36:01,929 [1] INFO MovieDataExtractor.OscarOrg.OscarOrgFileSanitizer - Processing for year 1934
2018-11-08 09:36:02,176 [1] INFO MovieDataExtractor.OscarOrg.OscarOrgFileSanitizer - Processing for year 1935
2018-11-08 09:36:02,453 [1] INFO MovieDataExtractor.OscarOrg.OscarOrgFileSanitizer - Processing for year 1936
2018-11-08 09:36:02,761 [1] INFO MovieDataExtractor.OscarOrg.OscarOrgFileSanitizer - Processing for year 1937
2018-11-08 09:36:03,086 [1] INFO MovieDataExtractor.OscarOrg.OscarOrgFileSanitizer - Processing for year 1938
2018-11-08 09:36:03,468 [1] INFO MovieDataExtractor.OscarOrg.OscarOrgFileSanitizer - Processing for year 1939
2018-11-08 09:36:03,816 [1] INFO MovieDataExtractor.OscarOrg.OscarOrgFileSanitizer - Processing for year 1940
2018-11-08 09:36:04,236 [1] INFO MovieDataExtractor.OscarOrg.OscarOrgFileSanitizer - Processing for year 1941
2018-11-08 09:36:04,743 [1] INFO MovieDataExtractor.OscarOrg.OscarOrgFileSanitizer - Processing for year 1942
2018-11-08 09:36:05,261 [1] INFO MovieDataExtractor.OscarOrg.OscarOrgFileSanitizer - Processing for year 1943
2018-11-08 09:36:05,727 [1] INFO MovieDataExtractor.OscarOrg.OscarOrgFileSanitizer - Processing for year 1944
2018-11-08 09:36:06,166 [1] INFO MovieDataExtractor.OscarOrg.OscarOrgFileSanitizer - Processing for year 1945
2018-11-08 09:36:06,572 [1] INFO MovieDataExtractor.OscarOrg.OscarOrgFileSanitizer - Processing for year 1946
2018-11-08 09:36:06,827 [1] INFO MovieDataExtractor.OscarOrg.OscarOrgFileSanitizer - Processing for year 1947
2018-11-08 09:36:07,086 [1] INFO MovieDataExtractor.OscarOrg.OscarOrgFileSanitizer - Processing for year 1948
2018-11-08 09:36:07,382 [1] INFO MovieDataExtractor.OscarOrg.OscarOrgFileSanitizer - Processing for year 1949
2018-11-08 09:36:07,659 [1] INFO MovieDataExtractor.OscarOrg.OscarOrgFileSanitizer - Processing for year 1950
2018-11-08 09:36:07,940 [1] INFO MovieDataExtractor.OscarOrg.OscarOrgFileSanitizer - Processing for year 1951
2018-11-08 09:36:08,233 [1] INFO MovieDataExtractor.OscarOrg.OscarOrgFileSanitizer - Processing for year 1952
2018-11-08 09:36:08,549 [1] INFO MovieDataExtractor.OscarOrg.OscarOrgFileSanitizer - Processing for year 1953
2018-11-08 09:36:08,866 [1] INFO MovieDataExtractor.OscarOrg.OscarOrgFileSanitizer - Processing for year 1954
2018-11-08 09:36:09,204 [1] INFO MovieDataExtractor.OscarOrg.OscarOrgFileSanitizer - Processing for year 1955
2018-11-08 09:36:09,521 [1] INFO MovieDataExtractor.OscarOrg.OscarOrgFileSanitizer - Processing for year 1956
2018-11-08 09:36:09,849 [1] INFO MovieDataExtractor.OscarOrg.OscarOrgFileSanitizer - Processing for year 1957
2018-11-08 09:36:10,098 [1] INFO MovieDataExtractor.OscarOrg.OscarOrgFileSanitizer - Processing for year 1958
2018-11-08 09:36:10,418 [1] INFO MovieDataExtractor.OscarOrg.OscarOrgFileSanitizer - Processing for year 1959
2018-11-08 09:36:10,739 [1] INFO MovieDataExtractor.OscarOrg.OscarOrgFileSanitizer - Processing for year 1960
2018-11-08 09:36:11,049 [1] INFO MovieDataExtractor.OscarOrg.OscarOrgFileSanitizer - Processing for year 1961
2018-11-08 09:36:11,353 [1] INFO MovieDataExtractor.OscarOrg.OscarOrgFileSanitizer - Processing for year 1962
2018-11-08 09:36:11,654 [1] INFO MovieDataExtractor.OscarOrg.OscarOrgFileSanitizer - Processing for year 1963
2018-11-08 09:36:11,972 [1] INFO MovieDataExtractor.OscarOrg.OscarOrgFileSanitizer - Processing for year 1964
2018-11-08 09:36:12,292 [1] INFO MovieDataExtractor.OscarOrg.OscarOrgFileSanitizer - Processing for year 1965
2018-11-08 09:36:12,595 [1] INFO MovieDataExtractor.OscarOrg.OscarOrgFileSanitizer - Processing for year 1966
2018-11-08 09:36:12,900 [1] INFO MovieDataExtractor.OscarOrg.OscarOrgFileSanitizer - Processing for year 1967
2018-11-08 09:36:13,192 [1] INFO MovieDataExtractor.OscarOrg.OscarOrgFileSanitizer - Processing for year 1968
2018-11-08 09:36:13,461 [1] INFO MovieDataExtractor.OscarOrg.OscarOrgFileSanitizer - Processing for year 1969
2018-11-08 09:36:13,729 [1] INFO MovieDataExtractor.OscarOrg.OscarOrgFileSanitizer - Processing for year 1970
